<?xml version="1.0" encoding="UTF-8"?>
<robot generator="Robot 6.1.1 (Python 3.12.6 on win32)" generated="20250304 14:38:32.485" rpa="false" schemaversion="4">
<suite id="s1" name="TestCases" source="C:\Users\Samarth\PycharmProjects\selfhealing\TestCases">
<suite id="s1-s1" name="Selfheal Testcases" source="C:\Users\Samarth\PycharmProjects\selfhealing\TestCases\selfheal_testcases.robot">
<test id="s1-s1-t1" name="TC_01 File manager is visible at sidebar" line="12">
<kw name="Open Dashboard" library="rocket_django_keywords">
<kw name="Open Browser" library="SeleniumLibrary">
<arg>${url}</arg>
<arg>Chrome</arg>
<doc>Opens a new browser instance to the optional ``url``.</doc>
<msg timestamp="20250304 14:38:39.456" level="INFO">Opening browser 'Chrome' to base url 'http://localhost:5085/'.</msg>
<status status="PASS" starttime="20250304 14:38:39.456" endtime="20250304 14:38:46.711"/>
</kw>
<kw name="Maximize Browser Window" library="SeleniumLibrary">
<doc>Maximizes current browser window.</doc>
<status status="PASS" starttime="20250304 14:38:46.712" endtime="20250304 14:38:46.922"/>
</kw>
<kw name="Reload Page" library="SeleniumLibrary">
<doc>Simulates user reloading page.</doc>
<status status="PASS" starttime="20250304 14:38:46.924" endtime="20250304 14:38:47.411"/>
</kw>
<kw name="Wait Until Page Contains Element" library="SeleniumLibrary">
<arg>${dashboard_name}</arg>
<arg>timeout=10</arg>
<doc>Waits until the element ``locator`` appears on the current page.</doc>
<status status="PASS" starttime="20250304 14:38:47.413" endtime="20250304 14:38:47.614"/>
</kw>
<kw name="Sleep" library="BuiltIn">
<arg>2</arg>
<doc>Pauses the test executed for the given time.</doc>
<msg timestamp="20250304 14:38:49.615" level="INFO">Slept 2 seconds</msg>
<status status="PASS" starttime="20250304 14:38:47.615" endtime="20250304 14:38:49.615"/>
</kw>
<status status="PASS" starttime="20250304 14:38:39.456" endtime="20250304 14:38:49.615"/>
</kw>
<kw name="Verify Sidebar Contains File Manager And Search Option" library="rocket_django_keywords">
<kw name="Wait Until Page Contains Element" library="SeleniumLibrary">
<arg>${dashboard_name}</arg>
<arg>timeout=10</arg>
<doc>Waits until the element ``locator`` appears on the current page.</doc>
<status status="PASS" starttime="20250304 14:38:49.615" endtime="20250304 14:38:49.827"/>
</kw>
<kw name="Page Should Contain Element" library="SeleniumLibrary">
<arg>${file_manager_locator}</arg>
<doc>Verifies that element ``locator`` is found on the current page.</doc>
<msg timestamp="20250304 14:38:49.995" level="INFO">Current page contains element '//*[@id='sidebar']/div/div[1]/div/ul/li[7]/a/span[contains(text(),'File Manager')]'.</msg>
<status status="PASS" starttime="20250304 14:38:49.829" endtime="20250304 14:38:49.995"/>
</kw>
<kw name="Page Should Contain Element" library="SeleniumLibrary">
<arg>${sidebar_search_option}</arg>
<doc>Verifies that element ``locator`` is found on the current page.</doc>
<msg timestamp="20250304 14:38:50.445" level="INFO" html="true">&lt;/td&gt;&lt;/tr&gt;&lt;tr&gt;&lt;td colspan="3"&gt;&lt;a href="selenium-screenshot-1.png"&gt;&lt;img src="selenium-screenshot-1.png" width="800px"&gt;&lt;/a&gt;</msg>
<msg timestamp="20250304 14:38:50.445" level="FAIL">Page should have contained element '//input[@id='mobile-search-s']' but did not.</msg>
<status status="FAIL" starttime="20250304 14:38:49.995" endtime="20250304 14:38:50.494"/>
</kw>
<status status="FAIL" starttime="20250304 14:38:49.615" endtime="20250304 14:38:50.495"/>
</kw>
<kw name="Close Browser" library="SeleniumLibrary" type="TEARDOWN">
<doc>Closes the current browser.</doc>
<status status="PASS" starttime="20250304 14:38:50.495" endtime="20250304 14:38:53.024"/>
</kw>
<status status="FAIL" starttime="20250304 14:38:39.454" endtime="20250304 14:38:53.024">Page should have contained element '//input[@id='mobile-search-s']' but did not.</status>
</test>
<test id="s1-s1-t2" name="TC_02 Verify transaction Section Header Is Visible" line="16">
<kw name="Open Dashboard" library="rocket_django_keywords">
<kw name="Open Browser" library="SeleniumLibrary">
<arg>${url}</arg>
<arg>Chrome</arg>
<doc>Opens a new browser instance to the optional ``url``.</doc>
<msg timestamp="20250304 14:38:57.174" level="INFO">Opening browser 'Chrome' to base url 'http://localhost:5085/'.</msg>
<status status="PASS" starttime="20250304 14:38:57.173" endtime="20250304 14:39:01.284"/>
</kw>
<kw name="Maximize Browser Window" library="SeleniumLibrary">
<doc>Maximizes current browser window.</doc>
<status status="PASS" starttime="20250304 14:39:01.284" endtime="20250304 14:39:01.478"/>
</kw>
<kw name="Reload Page" library="SeleniumLibrary">
<doc>Simulates user reloading page.</doc>
<status status="PASS" starttime="20250304 14:39:01.479" endtime="20250304 14:39:02.089"/>
</kw>
<kw name="Wait Until Page Contains Element" library="SeleniumLibrary">
<arg>${dashboard_name}</arg>
<arg>timeout=10</arg>
<doc>Waits until the element ``locator`` appears on the current page.</doc>
<status status="PASS" starttime="20250304 14:39:02.090" endtime="20250304 14:39:02.362"/>
</kw>
<kw name="Sleep" library="BuiltIn">
<arg>2</arg>
<doc>Pauses the test executed for the given time.</doc>
<msg timestamp="20250304 14:39:04.364" level="INFO">Slept 2 seconds</msg>
<status status="PASS" starttime="20250304 14:39:02.362" endtime="20250304 14:39:04.364"/>
</kw>
<status status="PASS" starttime="20250304 14:38:57.172" endtime="20250304 14:39:04.364"/>
</kw>
<kw name="Navigate To Transaction Section" library="rocket_django_keywords">
<kw name="Sleep" library="BuiltIn">
<arg>0.5</arg>
<doc>Pauses the test executed for the given time.</doc>
<msg timestamp="20250304 14:39:04.866" level="INFO">Slept 500 milliseconds</msg>
<status status="PASS" starttime="20250304 14:39:04.366" endtime="20250304 14:39:04.866"/>
</kw>
<kw name="Scroll Element Into View" library="SeleniumLibrary">
<arg>${transaction_row2}</arg>
<doc>Scrolls the element identified by ``locator`` into view.</doc>
<status status="PASS" starttime="20250304 14:39:04.866" endtime="20250304 14:39:05.299"/>
</kw>
<kw name="Wait Until Page Contains Element" library="SeleniumLibrary">
<arg>${transaction_filter_locator}</arg>
<arg>timeout=10</arg>
<doc>Waits until the element ``locator`` appears on the current page.</doc>
<status status="PASS" starttime="20250304 14:39:05.299" endtime="20250304 14:39:05.423"/>
</kw>
<kw name="Click Element" library="SeleniumLibrary">
<arg>${transaction_filter_locator}</arg>
<doc>Click the element identified by ``locator``.</doc>
<msg timestamp="20250304 14:39:05.513" level="INFO">Clicking element '//button[@id='dropdownDefault']'.</msg>
<status status="PASS" starttime="20250304 14:39:05.423" endtime="20250304 14:39:05.658"/>
</kw>
<status status="PASS" starttime="20250304 14:39:04.366" endtime="20250304 14:39:05.658"/>
</kw>
<kw name="Verify Transaction Section Header Is Visible" library="rocket_django_keywords">
<kw name="Wait Until Page Contains Element" library="SeleniumLibrary">
<arg>${transaction_header_locator}</arg>
<arg>timeout=10</arg>
<doc>Waits until the element ``locator`` appears on the current page.</doc>
<msg timestamp="20250304 14:39:16.249" level="INFO" html="true">&lt;/td&gt;&lt;/tr&gt;&lt;tr&gt;&lt;td colspan="3"&gt;&lt;a href="selenium-screenshot-2.png"&gt;&lt;img src="selenium-screenshot-2.png" width="800px"&gt;&lt;/a&gt;</msg>
<msg timestamp="20250304 14:39:16.249" level="FAIL">Element '//div[contains(@class, 'ztx_transaction_title') and text()='Transactions']' did not appear in 10 seconds.</msg>
<status status="FAIL" starttime="20250304 14:39:05.661" endtime="20250304 14:39:16.265"/>
</kw>
<kw name="Page Should Contain Element" library="SeleniumLibrary">
<arg>${transaction_header_locator}</arg>
<doc>Verifies that element ``locator`` is found on the current page.</doc>
<status status="NOT RUN" starttime="20250304 14:39:16.265" endtime="20250304 14:39:16.485"/>
</kw>
<status status="FAIL" starttime="20250304 14:39:05.659" endtime="20250304 14:39:16.487"/>
</kw>
<kw name="Close Browser" library="SeleniumLibrary" type="TEARDOWN">
<doc>Closes the current browser.</doc>
<status status="PASS" starttime="20250304 14:39:16.488" endtime="20250304 14:39:19.144"/>
</kw>
<status status="FAIL" starttime="20250304 14:38:57.171" endtime="20250304 14:39:19.145">Element '//div[contains(@class, 'ztx_transaction_title') and text()='Transactions']' did not appear in 10 seconds.</status>
</test>
<test id="s1-s1-t3" name="TC_03 Verify Navigation To Tasks Section" line="21">
<kw name="Open Dashboard" library="rocket_django_keywords">
<kw name="Open Browser" library="SeleniumLibrary">
<arg>${url}</arg>
<arg>Chrome</arg>
<doc>Opens a new browser instance to the optional ``url``.</doc>
<msg timestamp="20250304 14:39:22.134" level="INFO">Opening browser 'Chrome' to base url 'http://localhost:5085/'.</msg>
<status status="PASS" starttime="20250304 14:39:22.132" endtime="20250304 14:39:26.357"/>
</kw>
<kw name="Maximize Browser Window" library="SeleniumLibrary">
<doc>Maximizes current browser window.</doc>
<status status="PASS" starttime="20250304 14:39:26.357" endtime="20250304 14:39:26.613"/>
</kw>
<kw name="Reload Page" library="SeleniumLibrary">
<doc>Simulates user reloading page.</doc>
<status status="PASS" starttime="20250304 14:39:26.614" endtime="20250304 14:39:27.180"/>
</kw>
<kw name="Wait Until Page Contains Element" library="SeleniumLibrary">
<arg>${dashboard_name}</arg>
<arg>timeout=10</arg>
<doc>Waits until the element ``locator`` appears on the current page.</doc>
<status status="PASS" starttime="20250304 14:39:27.180" endtime="20250304 14:39:27.457"/>
</kw>
<kw name="Sleep" library="BuiltIn">
<arg>2</arg>
<doc>Pauses the test executed for the given time.</doc>
<msg timestamp="20250304 14:39:29.459" level="INFO">Slept 2 seconds</msg>
<status status="PASS" starttime="20250304 14:39:27.458" endtime="20250304 14:39:29.459"/>
</kw>
<status status="PASS" starttime="20250304 14:39:22.131" endtime="20250304 14:39:29.459"/>
</kw>
<kw name="Navigate To Tasks Section" library="rocket_django_keywords">
<kw name="Sleep" library="BuiltIn">
<arg>0.5</arg>
<doc>Pauses the test executed for the given time.</doc>
<msg timestamp="20250304 14:39:29.959" level="INFO">Slept 500 milliseconds</msg>
<status status="PASS" starttime="20250304 14:39:29.459" endtime="20250304 14:39:29.959"/>
</kw>
<kw name="Scroll Element Into View" library="SeleniumLibrary">
<arg>${sidebar_option_tasks}</arg>
<doc>Scrolls the element identified by ``locator`` into view.</doc>
<status status="PASS" starttime="20250304 14:39:29.959" endtime="20250304 14:39:30.386"/>
</kw>
<kw name="Click Element" library="SeleniumLibrary">
<arg>${sidebar_option_tasks}</arg>
<doc>Click the element identified by ``locator``.</doc>
<msg timestamp="20250304 14:39:30.525" level="INFO">Clicking element '//ul[@id='dropdown-dashboard']//li//a[contains(text(),'Tasks')]'.</msg>
<status status="PASS" starttime="20250304 14:39:30.386" endtime="20250304 14:39:31.059"/>
</kw>
<status status="PASS" starttime="20250304 14:39:29.459" endtime="20250304 14:39:31.060"/>
</kw>
<kw name="Verify Tasks Section Header Is Visible" library="rocket_django_keywords">
<kw name="Wait Until Page Contains Element" library="SeleniumLibrary">
<arg>${args_input_locator}</arg>
<arg>timeout=10</arg>
<doc>Waits until the element ``locator`` appears on the current page.</doc>
<msg timestamp="20250304 14:39:41.566" level="INFO" html="true">&lt;/td&gt;&lt;/tr&gt;&lt;tr&gt;&lt;td colspan="3"&gt;&lt;a href="selenium-screenshot-3.png"&gt;&lt;img src="selenium-screenshot-3.png" width="800px"&gt;&lt;/a&gt;</msg>
<msg timestamp="20250304 14:39:41.566" level="FAIL">Element '//span//child::Input[@id='args' and @name='args']' did not appear in 10 seconds.</msg>
<status status="FAIL" starttime="20250304 14:39:31.062" endtime="20250304 14:39:41.567"/>
</kw>
<kw name="Page Should Contain Element" library="SeleniumLibrary">
<arg>${args_input_locator}</arg>
<doc>Verifies that element ``locator`` is found on the current page.</doc>
<status status="NOT RUN" starttime="20250304 14:39:41.567" endtime="20250304 14:39:41.736"/>
</kw>
<status status="FAIL" starttime="20250304 14:39:31.061" endtime="20250304 14:39:41.736"/>
</kw>
<kw name="Close Browser" library="SeleniumLibrary" type="TEARDOWN">
<doc>Closes the current browser.</doc>
<status status="PASS" starttime="20250304 14:39:41.738" endtime="20250304 14:39:44.481"/>
</kw>
<status status="FAIL" starttime="20250304 14:39:22.127" endtime="20250304 14:39:44.483">Element '//span//child::Input[@id='args' and @name='args']' did not appear in 10 seconds.</status>
</test>
<status status="FAIL" starttime="20250304 14:38:38.748" endtime="20250304 14:39:49.025"/>
</suite>
<status status="FAIL" starttime="20250304 14:38:38.714" endtime="20250304 14:39:49.030"/>
</suite>
<statistics>
<total>
<stat pass="0" fail="3" skip="0">All Tests</stat>
</total>
<tag>
</tag>
<suite>
<stat pass="0" fail="3" skip="0" id="s1" name="TestCases">TestCases</stat>
<stat pass="0" fail="3" skip="0" id="s1-s1" name="Selfheal Testcases">TestCases.Selfheal Testcases</stat>
</suite>
</statistics>
<errors>
</errors>
</robot>
